<?xml version="1.0" encoding="UTF-8" standalone="yes"?><!DOCTYPE report PUBLIC "-//JACOCO//DTD Report 1.1//EN" "report.dtd"><report name="parking-system"><sessioninfo id="mbp-dalice.home-359b49e3" start="1702478726257" dump="1702478727494"/><sessioninfo id="mbp-dalice.home-bd27994f" start="1702478748027" dump="1702478749211"/><sessioninfo id="mbp-dalice.home-1e7a47d" start="1702478757046" dump="1702478758270"/><sessioninfo id="mbp-dalice.home-28e45ed0" start="1702478830122" dump="1702478831340"/><sessioninfo id="mbp-dalice.home-683c71a" start="1702478880415" dump="1702478881703"/><sessioninfo id="mbp-dalice.home-9b94bd81" start="1702479406397" dump="1702479407650"/><sessioninfo id="mbp-dalice.home-ee9b890" start="1702480071013" dump="1702480072168"/><sessioninfo id="mbp-dalice.home-c7b07bf3" start="1702480081821" dump="1702480082902"/><sessioninfo id="mbp-dalice.home-b27949fc" start="1702480907085" dump="1702480908167"/><sessioninfo id="mbp-dalice.home-1c43d5d1" start="1702481796379" dump="1702481797460"/><sessioninfo id="mbp-dalice.home-91a17749" start="1702481852497" dump="1702481853588"/><sessioninfo id="mbp-dalice.home-79408e51" start="1702481910724" dump="1702481911833"/><sessioninfo id="mbp-dalice.home-bed46e6d" start="1702482011816" dump="1702482012877"/><sessioninfo id="mbp-dalice.home-6f09b2f9" start="1702482032671" dump="1702482033747"/><sessioninfo id="mbp-dalice.home-249285aa" start="1702482046427" dump="1702482047544"/><sessioninfo id="mbp-dalice.home-4d2e2090" start="1702483411403" dump="1702483412506"/><sessioninfo id="mbp-dalice.home-25c6ebb1" start="1702483503428" dump="1702483504491"/><sessioninfo id="mbp-dalice.home-d6bdd6b7" start="1702483523073" dump="1702483524164"/><sessioninfo id="mbp-dalice.home-db6db464" start="1702483535608" dump="1702483536665"/><sessioninfo id="mbp-dalice.home-850960cb" start="1702483603769" dump="1702483604910"/><sessioninfo id="mbp-dalice.home-fd331702" start="1702483651193" dump="1702483652294"/><sessioninfo id="mbp-dalice.home-7b535d40" start="1702483662050" dump="1702483663099"/><sessioninfo id="mbp-dalice.home-961f522c" start="1702483773532" dump="1702483774625"/><sessioninfo id="mbp-dalice.home-f262260d" start="1702483824264" dump="1702483825412"/><sessioninfo id="mbp-dalice.home-28677d48" start="1702484586338" dump="1702484587487"/><sessioninfo id="mbp-dalice.home-1a742de4" start="1702484642144" dump="1702484643331"/><sessioninfo id="mbp-dalice.home-80f434a4" start="1702484791691" dump="1702484792788"/><sessioninfo id="mbp-dalice.home-c3d38620" start="1702484904524" dump="1702484904992"/><sessioninfo id="mbp-dalice.home-7db88678" start="1702484935432" dump="1702484936591"/><sessioninfo id="mbp-dalice.home-bb6012e7" start="1702485140244" dump="1702485141422"/><sessioninfo id="mbp-dalice.home-77f4892b" start="1702485188070" dump="1702485189140"/><sessioninfo id="mbp-dalice.home-a39a7be1" start="1702485266102" dump="1702485267220"/><sessioninfo id="mbp-dalice.home-72bf4e13" start="1702485377036" dump="1702485378176"/><sessioninfo id="mbp-dalice.home-a5016496" start="1702485399202" dump="1702485400268"/><sessioninfo id="mbp-dalice.home-df0caf57" start="1702485478901" dump="1702485479961"/><sessioninfo id="mbp-dalice.home-9d1d6af7" start="1702485535584" dump="1702485536699"/><sessioninfo id="mbp-dalice.home-af0ddfd8" start="1702485669842" dump="1702485670936"/><sessioninfo id="mbp-dalice.home-22ef3a6a" start="1702573359542" dump="1702573361063"/><sessioninfo id="mbp-dalice.home-d5065d4" start="1702574833041" dump="1702574834247"/><sessioninfo id="mbp-dalice.home-1a152172" start="1702577690084" dump="1702577691217"/><sessioninfo id="mbp-dalice.home-110f3335" start="1702577863968" dump="1702577865131"/><sessioninfo id="mbp-dalice.home-7ea54c5f" start="1702577948240" dump="1702577949370"/><sessioninfo id="mbp-dalice.home-ccf6f6b0" start="1702578012298" dump="1702578013413"/><sessioninfo id="mbp-dalice.home-65b738e6" start="1702651040649" dump="1702651041740"/><sessioninfo id="mbp-dalice.home-9d894af8" start="1702651291389" dump="1702651292444"/><sessioninfo id="mbp-dalice.home-bca0f18" start="1702651420510" dump="1702651421551"/><sessioninfo id="mbp-dalice.home-14c44ac2" start="1702651465741" dump="1702651466775"/><sessioninfo id="mbp-dalice.home-2a7f52b3" start="1702651650863" dump="1702651651925"/><sessioninfo id="mbp-dalice.home-2fdb7d76" start="1702651726391" dump="1702651727514"/><sessioninfo id="mbp-dalice.home-a399d980" start="1702663609857" dump="1702663611145"/><sessioninfo id="mbp-dalice.home-2dfa1b17" start="1702663655566" dump="1702663656849"/><sessioninfo id="mbp-dalice.home-82431ca6" start="1702663678975" dump="1702663680244"/><sessioninfo id="mbp-dalice.home-dfafe2fc" start="1702663730381" dump="1702663731638"/><sessioninfo id="mbp-dalice.home-4bc70b44" start="1702663805225" dump="1702663806479"/><sessioninfo id="mbp-dalice.home-c768ebcd" start="1702663854259" dump="1702663855528"/><sessioninfo id="mbp-dalice.home-f137095a" start="1702663889790" dump="1702663890992"/><sessioninfo id="mbp-dalice.home-2496324" start="1702663979411" dump="1702663980804"/><sessioninfo id="mbp-dalice.home-f5ecb1f5" start="1702663991687" dump="1702663992899"/><sessioninfo id="mbp-dalice.home-168e37b7" start="1702664065712" dump="1702664066951"/><sessioninfo id="mbp-dalice.home-a22bddd" start="1702664097327" dump="1702664098557"/><sessioninfo id="mbp-dalice.home-9c89ec4d" start="1702664173911" dump="1702664175097"/><sessioninfo id="mbp-dalice.home-51b8ff8b" start="1702664230584" dump="1702664231804"/><sessioninfo id="mbp-dalice.home-4744bedb" start="1702905755614" dump="1702905756819"/><sessioninfo id="mbp-dalice.home-cb15b5ca" start="1702906046463" dump="1702906047653"/><sessioninfo id="mbp-dalice.home-e0547723" start="1702906073033" dump="1702906074202"/><sessioninfo id="mbp-dalice.home-11a0f49a" start="1702906092808" dump="1702906094041"/><sessioninfo id="mbp-dalice.home-3397da77" start="1702906123426" dump="1702906124590"/><sessioninfo id="mbp-dalice.home-e4111305" start="1702906137225" dump="1702906138438"/><sessioninfo id="mbp-dalice.home-6d1920b9" start="1702906159489" dump="1702906159974"/><sessioninfo id="mbp-dalice.home-be392d36" start="1702906224544" dump="1702906225739"/><sessioninfo id="mbp-dalice.home-3344a057" start="1702906279989" dump="1702906281161"/><sessioninfo id="mbp-dalice.home-68c80094" start="1702906345976" dump="1702906347113"/><sessioninfo id="mbp-dalice.home-b89ff8e8" start="1702906620001" dump="1702906621224"/><sessioninfo id="mbp-dalice.home-dd72efaf" start="1702906854700" dump="1702906855893"/><sessioninfo id="mbp-dalice.home-b9c412d3" start="1702906870239" dump="1702906871465"/><sessioninfo id="mbp-dalice.home-bf1e965" start="1702906941849" dump="1702906943033"/><sessioninfo id="mbp-dalice.home-1ed5137d" start="1702906958962" dump="1702906960160"/><sessioninfo id="mbp-dalice.home-f65513f8" start="1702907111335" dump="1702907112489"/><sessioninfo id="mbp-dalice.home-1e6e4550" start="1702907410303" dump="1702907411495"/><sessioninfo id="mbp-dalice.home-f490f542" start="1702909998118" dump="1702909999420"/><sessioninfo id="mbp-dalice.home-cc39ca0" start="1702910053024" dump="1702910054294"/><sessioninfo id="mbp-dalice.home-9a0e4915" start="1702910157504" dump="1702910158742"/><sessioninfo id="mbp-dalice.home-2af94126" start="1702910220117" dump="1702910221455"/><sessioninfo id="mbp-dalice.home-7e95f897" start="1702910579432" dump="1702910580640"/><sessioninfo id="mbp-dalice.home-f8e7da4f" start="1702910667073" dump="1702910668318"/><sessioninfo id="mbp-dalice.home-22d284d6" start="1702910673111" dump="1702910674438"/><sessioninfo id="mbp-dalice.home-612716a9" start="1702910765371" dump="1702910766626"/><sessioninfo id="mbp-dalice.home-f1b2cc58" start="1702910874703" dump="1702910875231"/><sessioninfo id="mbp-dalice.home-2d87202d" start="1702910918431" dump="1702910919689"/><sessioninfo id="mbp-dalice.home-75271de6" start="1702910962670" dump="1702910963916"/><sessioninfo id="mbp-dalice.home-204c0655" start="1702911207145" dump="1702911208368"/><sessioninfo id="mbp-dalice.home-4f0131c1" start="1702911685856" dump="1702911687081"/><sessioninfo id="mbp-dalice.home-c67e798e" start="1702911788710" dump="1702911789951"/><sessioninfo id="mbp-dalice.home-5ea0299a" start="1702911821173" dump="1702911822468"/><sessioninfo id="mbp-dalice.home-53d626b1" start="1702912307156" dump="1702912307588"/><sessioninfo id="mbp-dalice.home-b423c309" start="1702912321691" dump="1702912322726"/><sessioninfo id="mbp-dalice.home-dc9dcb1f" start="1702912425122" dump="1702912426133"/><sessioninfo id="mbp-dalice.home-4a55da3e" start="1702912525042" dump="1702912526060"/><sessioninfo id="mbp-dalice.home-1ac04b45" start="1702912568889" dump="1702912569916"/><sessioninfo id="mbp-dalice.home-c107537e" start="1702912651238" dump="1702912652236"/><sessioninfo id="mbp-dalice.home-484fccd4" start="1702912733387" dump="1702912734439"/><sessioninfo id="mbp-dalice.home-8724658f" start="1702912908625" dump="1702912909690"/><sessioninfo id="mbp-dalice.home-6977e47b" start="1702912957326" dump="1702912958355"/><sessioninfo id="mbp-dalice.home-58388e94" start="1702913742767" dump="1702913743823"/><package name="com/parkit/parkingsystem/service"><class name="com/parkit/parkingsystem/service/FareCalculatorService" sourcefilename="FareCalculatorService.java"><method name="&lt;init&gt;" desc="()V" line="6"><counter type="INSTRUCTION" missed="0" covered="3"/><counter type="LINE" missed="0" covered="1"/><counter type="COMPLEXITY" missed="0" covered="1"/><counter type="METHOD" missed="0" covered="1"/></method><method name="calculateFare" desc="(Lcom/parkit/parkingsystem/model/Ticket;Z)V" line="9"><counter type="INSTRUCTION" missed="5" covered="81"/><counter type="BRANCH" missed="2" covered="11"/><counter type="LINE" missed="1" covered="19"/><counter type="COMPLEXITY" missed="2" covered="6"/><counter type="METHOD" missed="0" covered="1"/></method><method name="calculateFare" desc="(Lcom/parkit/parkingsystem/model/Ticket;)V" line="45"><counter type="INSTRUCTION" missed="0" covered="9"/><counter type="LINE" missed="0" covered="3"/><counter type="COMPLEXITY" missed="0" covered="1"/><counter type="METHOD" missed="0" covered="1"/></method><counter type="INSTRUCTION" missed="5" covered="93"/><counter type="BRANCH" missed="2" covered="11"/><counter type="LINE" missed="1" covered="23"/><counter type="COMPLEXITY" missed="2" covered="8"/><counter type="METHOD" missed="0" covered="3"/><counter type="CLASS" missed="0" covered="1"/></class><class name="com/parkit/parkingsystem/service/ParkingService" sourcefilename="ParkingService.java"><method name="&lt;clinit&gt;" desc="()V" line="16"><counter type="INSTRUCTION" missed="0" covered="8"/><counter type="LINE" missed="0" covered="2"/><counter type="COMPLEXITY" missed="0" covered="1"/><counter type="METHOD" missed="0" covered="1"/></method><method name="&lt;init&gt;" desc="(Lcom/parkit/parkingsystem/util/InputReaderUtil;Lcom/parkit/parkingsystem/dao/ParkingSpotDAO;Lcom/parkit/parkingsystem/dao/TicketDAO;)V" line="24"><counter type="INSTRUCTION" missed="0" covered="12"/><counter type="LINE" missed="0" covered="5"/><counter type="COMPLEXITY" missed="0" covered="1"/><counter type="METHOD" missed="0" covered="1"/></method><method name="processIncomingVehicle" desc="()V" line="32"><counter type="INSTRUCTION" missed="5" covered="75"/><counter type="BRANCH" missed="1" covered="3"/><counter type="LINE" missed="1" covered="18"/><counter type="COMPLEXITY" missed="1" covered="2"/><counter type="METHOD" missed="0" covered="1"/></method><method name="getVehichleRegNumber" desc="()Ljava/lang/String;" line="59"><counter type="INSTRUCTION" missed="0" covered="7"/><counter type="LINE" missed="0" covered="2"/><counter type="COMPLEXITY" missed="0" covered="1"/><counter type="METHOD" missed="0" covered="1"/></method><method name="getNextParkingNumberIfAvailable" desc="()Lcom/parkit/parkingsystem/model/ParkingSpot;" line="64"><counter type="INSTRUCTION" missed="10" covered="30"/><counter type="BRANCH" missed="1" covered="1"/><counter type="LINE" missed="3" covered="10"/><counter type="COMPLEXITY" missed="1" covered="1"/><counter type="METHOD" missed="0" covered="1"/></method><method name="getVehichleType" desc="()Lcom/parkit/parkingsystem/constants/ParkingType;" line="83"><counter type="INSTRUCTION" missed="2" covered="25"/><counter type="BRANCH" missed="1" covered="2"/><counter type="LINE" missed="1" covered="8"/><counter type="COMPLEXITY" missed="1" covered="2"/><counter type="METHOD" missed="0" covered="1"/></method><method name="processExitingVehicle" desc="()V" line="103"><counter type="INSTRUCTION" missed="0" covered="80"/><counter type="BRANCH" missed="0" covered="4"/><counter type="LINE" missed="0" covered="19"/><counter type="COMPLEXITY" missed="0" covered="3"/><counter type="METHOD" missed="0" covered="1"/></method><method name="getNbTicket" desc="(Ljava/lang/String;)I" line="132"><counter type="INSTRUCTION" missed="0" covered="5"/><counter type="LINE" missed="0" covered="1"/><counter type="COMPLEXITY" missed="0" covered="1"/><counter type="METHOD" missed="0" covered="1"/></method><counter type="INSTRUCTION" missed="17" covered="242"/><counter type="BRANCH" missed="3" covered="10"/><counter type="LINE" missed="5" covered="65"/><counter type="COMPLEXITY" missed="3" covered="12"/><counter type="METHOD" missed="0" covered="8"/><counter type="CLASS" missed="0" covered="1"/></class><class name="com/parkit/parkingsystem/service/InteractiveShell" sourcefilename="InteractiveShell.java"><method name="&lt;clinit&gt;" desc="()V" line="11"><counter type="INSTRUCTION" missed="4" covered="0"/><counter type="LINE" missed="1" covered="0"/><counter type="COMPLEXITY" missed="1" covered="0"/><counter type="METHOD" missed="1" covered="0"/></method><method name="&lt;init&gt;" desc="()V" line="9"><counter type="INSTRUCTION" missed="3" covered="0"/><counter type="LINE" missed="1" covered="0"/><counter type="COMPLEXITY" missed="1" covered="0"/><counter type="METHOD" missed="1" covered="0"/></method><method name="loadInterface" desc="()V" line="14"><counter type="INSTRUCTION" missed="52" covered="0"/><counter type="BRANCH" missed="6" covered="0"/><counter type="LINE" missed="20" covered="0"/><counter type="COMPLEXITY" missed="5" covered="0"/><counter type="METHOD" missed="1" covered="0"/></method><method name="loadMenu" desc="()V" line="46"><counter type="INSTRUCTION" missed="13" covered="0"/><counter type="LINE" missed="5" covered="0"/><counter type="COMPLEXITY" missed="1" covered="0"/><counter type="METHOD" missed="1" covered="0"/></method><counter type="INSTRUCTION" missed="72" covered="0"/><counter type="BRANCH" missed="6" covered="0"/><counter type="LINE" missed="27" covered="0"/><counter type="COMPLEXITY" missed="8" covered="0"/><counter type="METHOD" missed="4" covered="0"/><counter type="CLASS" missed="1" covered="0"/></class><sourcefile name="ParkingService.java"><line nr="16" mi="0" ci="3" mb="0" cb="0"/><line nr="18" mi="0" ci="5" mb="0" cb="0"/><line nr="24" mi="0" ci="2" mb="0" cb="0"/><line nr="25" mi="0" ci="3" mb="0" cb="0"/><line nr="26" mi="0" ci="3" mb="0" cb="0"/><line nr="27" mi="0" ci="3" mb="0" cb="0"/><line nr="28" mi="0" ci="1" mb="0" cb="0"/><line nr="32" mi="0" ci="3" mb="0" cb="0"/><line nr="33" mi="0" ci="5" mb="1" cb="3"/><line nr="34" mi="0" ci="3" mb="0" cb="0"/><line nr="35" mi="0" ci="3" mb="0" cb="0"/><line nr="36" mi="0" ci="5" mb="0" cb="0"/><line nr="38" mi="0" ci="4" mb="0" cb="0"/><line nr="39" mi="0" ci="4" mb="0" cb="0"/><line nr="42" mi="0" ci="3" mb="0" cb="0"/><line nr="43" mi="0" ci="3" mb="0" cb="0"/><line nr="44" mi="0" ci="3" mb="0" cb="0"/><line nr="45" mi="0" ci="3" mb="0" cb="0"/><line nr="46" mi="0" ci="3" mb="0" cb="0"/><line nr="47" mi="0" ci="5" mb="0" cb="0"/><line nr="49" mi="0" ci="3" mb="0" cb="0"/><line nr="50" mi="0" ci="10" mb="0" cb="0"/><line nr="51" mi="0" ci="13" mb="0" cb="0"/><line nr="53" mi="1" ci="1" mb="0" cb="0"/><line nr="54" mi="4" ci="0" mb="0" cb="0"/><line nr="56" mi="0" ci="1" mb="0" cb="0"/><line nr="59" mi="0" ci="3" mb="0" cb="0"/><line nr="60" mi="0" ci="4" mb="0" cb="0"/><line nr="64" mi="0" ci="2" mb="0" cb="0"/><line nr="65" mi="0" ci="2" mb="0" cb="0"/><line nr="67" mi="0" ci="3" mb="0" cb="0"/><line nr="68" mi="0" ci="5" mb="0" cb="0"/><line nr="69" mi="0" ci="2" mb="1" cb="1"/><line nr="70" mi="0" ci="7" mb="0" cb="0"/><line nr="71" mi="0" ci="1" mb="0" cb="0"/><line nr="72" mi="5" ci="0" mb="0" cb="0"/><line nr="74" mi="0" ci="1" mb="0" cb="0"/><line nr="75" mi="0" ci="5" mb="0" cb="0"/><line nr="76" mi="1" ci="0" mb="0" cb="0"/><line nr="77" mi="4" ci="0" mb="0" cb="0"/><line nr="79" mi="0" ci="2" mb="0" cb="0"/><line nr="83" mi="0" ci="3" mb="0" cb="0"/><line nr="84" mi="0" ci="3" mb="0" cb="0"/><line nr="85" mi="0" ci="3" mb="0" cb="0"/><line nr="86" mi="0" ci="4" mb="0" cb="0"/><line nr="87" mi="0" ci="2" mb="1" cb="2"/><line nr="89" mi="0" ci="2" mb="0" cb="0"/><line nr="92" mi="2" ci="0" mb="0" cb="0"/><line nr="95" mi="0" ci="3" mb="0" cb="0"/><line nr="96" mi="0" ci="5" mb="0" cb="0"/><line nr="103" mi="0" ci="3" mb="0" cb="0"/><line nr="104" mi="0" ci="4" mb="0" cb="0"/><line nr="106" mi="0" ci="5" mb="0" cb="0"/><line nr="107" mi="0" ci="4" mb="0" cb="0"/><line nr="108" mi="0" ci="3" mb="0" cb="0"/><line nr="111" mi="0" ci="6" mb="0" cb="2"/><line nr="112" mi="0" ci="4" mb="0" cb="0"/><line nr="114" mi="0" ci="5" mb="0" cb="2"/><line nr="115" mi="0" ci="3" mb="0" cb="0"/><line nr="116" mi="0" ci="3" mb="0" cb="0"/><line nr="117" mi="0" ci="5" mb="0" cb="0"/><line nr="119" mi="0" ci="10" mb="0" cb="0"/><line nr="120" mi="0" ci="2" mb="0" cb="0"/><line nr="121" mi="0" ci="12" mb="0" cb="0"/><line nr="122" mi="0" ci="1" mb="0" cb="0"/><line nr="123" mi="0" ci="3" mb="0" cb="0"/><line nr="125" mi="0" ci="2" mb="0" cb="0"/><line nr="126" mi="0" ci="4" mb="0" cb="0"/><line nr="129" mi="0" ci="1" mb="0" cb="0"/><line nr="132" mi="0" ci="5" mb="0" cb="0"/><counter type="INSTRUCTION" missed="17" covered="242"/><counter type="BRANCH" missed="3" covered="10"/><counter type="LINE" missed="5" covered="65"/><counter type="COMPLEXITY" missed="3" covered="12"/><counter type="METHOD" missed="0" covered="8"/><counter type="CLASS" missed="0" covered="1"/></sourcefile><sourcefile name="InteractiveShell.java"><line nr="9" mi="3" ci="0" mb="0" cb="0"/><line nr="11" mi="4" ci="0" mb="0" cb="0"/><line nr="14" mi="3" ci="0" mb="0" cb="0"/><line nr="15" mi="3" ci="0" mb="0" cb="0"/><line nr="17" mi="2" ci="0" mb="0" cb="0"/><line nr="18" mi="4" ci="0" mb="0" cb="0"/><line nr="19" mi="4" ci="0" mb="0" cb="0"/><line nr="20" mi="4" ci="0" mb="0" cb="0"/><line nr="21" mi="7" ci="0" mb="0" cb="0"/><line nr="23" mi="3" ci="0" mb="2" cb="0"/><line nr="24" mi="1" ci="0" mb="0" cb="0"/><line nr="25" mi="3" ci="0" mb="0" cb="0"/><line nr="26" mi="2" ci="0" mb="4" cb="0"/><line nr="28" mi="2" ci="0" mb="0" cb="0"/><line nr="29" mi="1" ci="0" mb="0" cb="0"/><line nr="32" mi="2" ci="0" mb="0" cb="0"/><line nr="33" mi="1" ci="0" mb="0" cb="0"/><line nr="36" mi="3" ci="0" mb="0" cb="0"/><line nr="37" mi="2" ci="0" mb="0" cb="0"/><line nr="38" mi="1" ci="0" mb="0" cb="0"/><line nr="40" mi="3" ci="0" mb="0" cb="0"/><line nr="43" mi="1" ci="0" mb="0" cb="0"/><line nr="46" mi="3" ci="0" mb="0" cb="0"/><line nr="47" mi="3" ci="0" mb="0" cb="0"/><line nr="48" mi="3" ci="0" mb="0" cb="0"/><line nr="49" mi="3" ci="0" mb="0" cb="0"/><line nr="50" mi="1" ci="0" mb="0" cb="0"/><counter type="INSTRUCTION" missed="72" covered="0"/><counter type="BRANCH" missed="6" covered="0"/><counter type="LINE" missed="27" covered="0"/><counter type="COMPLEXITY" missed="8" covered="0"/><counter type="METHOD" missed="4" covered="0"/><counter type="CLASS" missed="1" covered="0"/></sourcefile><sourcefile name="FareCalculatorService.java"><line nr="6" mi="0" ci="3" mb="0" cb="0"/><line nr="9" mi="0" ci="9" mb="1" cb="3"/><line nr="10" mi="0" ci="13" mb="0" cb="0"/><line nr="13" mi="0" ci="4" mb="0" cb="0"/><line nr="14" mi="0" ci="4" mb="0" cb="0"/><line nr="17" mi="0" ci="7" mb="0" cb="0"/><line nr="19" mi="0" ci="7" mb="1" cb="2"/><line nr="21" mi="0" ci="4" mb="0" cb="2"/><line nr="22" mi="0" ci="3" mb="0" cb="0"/><line nr="23" mi="0" ci="1" mb="0" cb="0"/><line nr="24" mi="0" ci="5" mb="0" cb="0"/><line nr="26" mi="0" ci="1" mb="0" cb="0"/><line nr="29" mi="0" ci="4" mb="0" cb="2"/><line nr="30" mi="0" ci="3" mb="0" cb="0"/><line nr="31" mi="0" ci="1" mb="0" cb="0"/><line nr="32" mi="0" ci="5" mb="0" cb="0"/><line nr="34" mi="0" ci="1" mb="0" cb="0"/><line nr="37" mi="5" ci="0" mb="0" cb="0"/><line nr="39" mi="0" ci="2" mb="0" cb="2"/><line nr="40" mi="0" ci="6" mb="0" cb="0"/><line nr="42" mi="0" ci="1" mb="0" cb="0"/><line nr="45" mi="0" ci="4" mb="0" cb="0"/><line nr="46" mi="0" ci="4" mb="0" cb="0"/><line nr="47" mi="0" ci="1" mb="0" cb="0"/><counter type="INSTRUCTION" missed="5" covered="93"/><counter type="BRANCH" missed="2" covered="11"/><counter type="LINE" missed="1" covered="23"/><counter type="COMPLEXITY" missed="2" covered="8"/><counter type="METHOD" missed="0" covered="3"/><counter type="CLASS" missed="0" covered="1"/></sourcefile><counter type="INSTRUCTION" missed="94" covered="335"/><counter type="BRANCH" missed="11" covered="21"/><counter type="LINE" missed="33" covered="88"/><counter type="COMPLEXITY" missed="13" covered="20"/><counter type="METHOD" missed="4" covered="11"/><counter type="CLASS" missed="1" covered="2"/></package><package name="com/parkit/parkingsystem"><class name="com/parkit/parkingsystem/App" sourcefilename="App.java"><method name="&lt;clinit&gt;" desc="()V" line="8"><counter type="INSTRUCTION" missed="4" covered="0"/><counter type="LINE" missed="1" covered="0"/><counter type="COMPLEXITY" missed="1" covered="0"/><counter type="METHOD" missed="1" covered="0"/></method><method name="&lt;init&gt;" desc="()V" line="7"><counter type="INSTRUCTION" missed="3" covered="0"/><counter type="LINE" missed="1" covered="0"/><counter type="COMPLEXITY" missed="1" covered="0"/><counter type="METHOD" missed="1" covered="0"/></method><method name="main" desc="([Ljava/lang/String;)V" line="10"><counter type="INSTRUCTION" missed="5" covered="0"/><counter type="LINE" missed="3" covered="0"/><counter type="COMPLEXITY" missed="1" covered="0"/><counter type="METHOD" missed="1" covered="0"/></method><counter type="INSTRUCTION" missed="12" covered="0"/><counter type="LINE" missed="5" covered="0"/><counter type="COMPLEXITY" missed="3" covered="0"/><counter type="METHOD" missed="3" covered="0"/><counter type="CLASS" missed="1" covered="0"/></class><sourcefile name="App.java"><line nr="7" mi="3" ci="0" mb="0" cb="0"/><line nr="8" mi="4" ci="0" mb="0" cb="0"/><line nr="10" mi="3" ci="0" mb="0" cb="0"/><line nr="11" mi="1" ci="0" mb="0" cb="0"/><line nr="12" mi="1" ci="0" mb="0" cb="0"/><counter type="INSTRUCTION" missed="12" covered="0"/><counter type="LINE" missed="5" covered="0"/><counter type="COMPLEXITY" missed="3" covered="0"/><counter type="METHOD" missed="3" covered="0"/><counter type="CLASS" missed="1" covered="0"/></sourcefile><counter type="INSTRUCTION" missed="12" covered="0"/><counter type="LINE" missed="5" covered="0"/><counter type="COMPLEXITY" missed="3" covered="0"/><counter type="METHOD" missed="3" covered="0"/><counter type="CLASS" missed="1" covered="0"/></package><package name="com/parkit/parkingsystem/model"><class name="com/parkit/parkingsystem/model/ParkingSpot" sourcefilename="ParkingSpot.java"><method name="&lt;init&gt;" desc="(ILcom/parkit/parkingsystem/constants/ParkingType;Z)V" line="10"><counter type="INSTRUCTION" missed="0" covered="12"/><counter type="LINE" missed="0" covered="5"/><counter type="COMPLEXITY" missed="0" covered="1"/><counter type="METHOD" missed="0" covered="1"/></method><method name="getId" desc="()I" line="17"><counter type="INSTRUCTION" missed="0" covered="3"/><counter type="LINE" missed="0" covered="1"/><counter type="COMPLEXITY" missed="0" covered="1"/><counter type="METHOD" missed="0" covered="1"/></method><method name="setId" desc="(I)V" line="21"><counter type="INSTRUCTION" missed="4" covered="0"/><counter type="LINE" missed="2" covered="0"/><counter type="COMPLEXITY" missed="1" covered="0"/><counter type="METHOD" missed="1" covered="0"/></method><method name="getParkingType" desc="()Lcom/parkit/parkingsystem/constants/ParkingType;" line="25"><counter type="INSTRUCTION" missed="0" covered="3"/><counter type="LINE" missed="0" covered="1"/><counter type="COMPLEXITY" missed="0" covered="1"/><counter type="METHOD" missed="0" covered="1"/></method><method name="setParkingType" desc="(Lcom/parkit/parkingsystem/constants/ParkingType;)V" line="29"><counter type="INSTRUCTION" missed="4" covered="0"/><counter type="LINE" missed="2" covered="0"/><counter type="COMPLEXITY" missed="1" covered="0"/><counter type="METHOD" missed="1" covered="0"/></method><method name="isAvailable" desc="()Z" line="33"><counter type="INSTRUCTION" missed="3" covered="0"/><counter type="LINE" missed="1" covered="0"/><counter type="COMPLEXITY" missed="1" covered="0"/><counter type="METHOD" missed="1" covered="0"/></method><method name="setAvailable" desc="(Z)V" line="37"><counter type="INSTRUCTION" missed="0" covered="4"/><counter type="LINE" missed="0" covered="2"/><counter type="COMPLEXITY" missed="0" covered="1"/><counter type="METHOD" missed="0" covered="1"/></method><method name="equals" desc="(Ljava/lang/Object;)Z" line="42"><counter type="INSTRUCTION" missed="26" covered="0"/><counter type="BRANCH" missed="8" covered="0"/><counter type="LINE" missed="4" covered="0"/><counter type="COMPLEXITY" missed="5" covered="0"/><counter type="METHOD" missed="1" covered="0"/></method><method name="hashCode" desc="()I" line="50"><counter type="INSTRUCTION" missed="0" covered="3"/><counter type="LINE" missed="0" covered="1"/><counter type="COMPLEXITY" missed="0" covered="1"/><counter type="METHOD" missed="0" covered="1"/></method><counter type="INSTRUCTION" missed="37" covered="25"/><counter type="BRANCH" missed="8" covered="0"/><counter type="LINE" missed="9" covered="10"/><counter type="COMPLEXITY" missed="8" covered="5"/><counter type="METHOD" missed="4" covered="5"/><counter type="CLASS" missed="0" covered="1"/></class><class name="com/parkit/parkingsystem/model/Ticket" sourcefilename="Ticket.java"><method name="&lt;init&gt;" desc="()V" line="6"><counter type="INSTRUCTION" missed="0" covered="3"/><counter type="LINE" missed="0" covered="1"/><counter type="COMPLEXITY" missed="0" covered="1"/><counter type="METHOD" missed="0" covered="1"/></method><method name="getId" desc="()I" line="15"><counter type="INSTRUCTION" missed="3" covered="0"/><counter type="LINE" missed="1" covered="0"/><counter type="COMPLEXITY" missed="1" covered="0"/><counter type="METHOD" missed="1" covered="0"/></method><method name="setId" desc="(I)V" line="19"><counter type="INSTRUCTION" missed="4" covered="0"/><counter type="LINE" missed="2" covered="0"/><counter type="COMPLEXITY" missed="1" covered="0"/><counter type="METHOD" missed="1" covered="0"/></method><method name="getParkingSpot" desc="()Lcom/parkit/parkingsystem/model/ParkingSpot;" line="23"><counter type="INSTRUCTION" missed="0" covered="3"/><counter type="LINE" missed="0" covered="1"/><counter type="COMPLEXITY" missed="0" covered="1"/><counter type="METHOD" missed="0" covered="1"/></method><method name="setParkingSpot" desc="(Lcom/parkit/parkingsystem/model/ParkingSpot;)V" line="27"><counter type="INSTRUCTION" missed="0" covered="4"/><counter type="LINE" missed="0" covered="2"/><counter type="COMPLEXITY" missed="0" covered="1"/><counter type="METHOD" missed="0" covered="1"/></method><method name="getVehicleRegNumber" desc="()Ljava/lang/String;" line="31"><counter type="INSTRUCTION" missed="0" covered="3"/><counter type="LINE" missed="0" covered="1"/><counter type="COMPLEXITY" missed="0" covered="1"/><counter type="METHOD" missed="0" covered="1"/></method><method name="setVehicleRegNumber" desc="(Ljava/lang/String;)V" line="35"><counter type="INSTRUCTION" missed="0" covered="4"/><counter type="LINE" missed="0" covered="2"/><counter type="COMPLEXITY" missed="0" covered="1"/><counter type="METHOD" missed="0" covered="1"/></method><method name="getPrice" desc="()D" line="39"><counter type="INSTRUCTION" missed="0" covered="3"/><counter type="LINE" missed="0" covered="1"/><counter type="COMPLEXITY" missed="0" covered="1"/><counter type="METHOD" missed="0" covered="1"/></method><method name="setPrice" desc="(D)V" line="43"><counter type="INSTRUCTION" missed="0" covered="4"/><counter type="LINE" missed="0" covered="2"/><counter type="COMPLEXITY" missed="0" covered="1"/><counter type="METHOD" missed="0" covered="1"/></method><method name="getInTime" desc="()Ljava/util/Date;" line="47"><counter type="INSTRUCTION" missed="0" covered="3"/><counter type="LINE" missed="0" covered="1"/><counter type="COMPLEXITY" missed="0" covered="1"/><counter type="METHOD" missed="0" covered="1"/></method><method name="setInTime" desc="(Ljava/util/Date;)V" line="51"><counter type="INSTRUCTION" missed="0" covered="4"/><counter type="LINE" missed="0" covered="2"/><counter type="COMPLEXITY" missed="0" covered="1"/><counter type="METHOD" missed="0" covered="1"/></method><method name="getOutTime" desc="()Ljava/util/Date;" line="55"><counter type="INSTRUCTION" missed="0" covered="3"/><counter type="LINE" missed="0" covered="1"/><counter type="COMPLEXITY" missed="0" covered="1"/><counter type="METHOD" missed="0" covered="1"/></method><method name="setOutTime" desc="(Ljava/util/Date;)V" line="59"><counter type="INSTRUCTION" missed="0" covered="4"/><counter type="LINE" missed="0" covered="2"/><counter type="COMPLEXITY" missed="0" covered="1"/><counter type="METHOD" missed="0" covered="1"/></method><counter type="INSTRUCTION" missed="7" covered="38"/><counter type="LINE" missed="3" covered="16"/><counter type="COMPLEXITY" missed="2" covered="11"/><counter type="METHOD" missed="2" covered="11"/><counter type="CLASS" missed="0" covered="1"/></class><sourcefile name="Ticket.java"><line nr="6" mi="0" ci="3" mb="0" cb="0"/><line nr="15" mi="3" ci="0" mb="0" cb="0"/><line nr="19" mi="3" ci="0" mb="0" cb="0"/><line nr="20" mi="1" ci="0" mb="0" cb="0"/><line nr="23" mi="0" ci="3" mb="0" cb="0"/><line nr="27" mi="0" ci="3" mb="0" cb="0"/><line nr="28" mi="0" ci="1" mb="0" cb="0"/><line nr="31" mi="0" ci="3" mb="0" cb="0"/><line nr="35" mi="0" ci="3" mb="0" cb="0"/><line nr="36" mi="0" ci="1" mb="0" cb="0"/><line nr="39" mi="0" ci="3" mb="0" cb="0"/><line nr="43" mi="0" ci="3" mb="0" cb="0"/><line nr="44" mi="0" ci="1" mb="0" cb="0"/><line nr="47" mi="0" ci="3" mb="0" cb="0"/><line nr="51" mi="0" ci="3" mb="0" cb="0"/><line nr="52" mi="0" ci="1" mb="0" cb="0"/><line nr="55" mi="0" ci="3" mb="0" cb="0"/><line nr="59" mi="0" ci="3" mb="0" cb="0"/><line nr="60" mi="0" ci="1" mb="0" cb="0"/><counter type="INSTRUCTION" missed="7" covered="38"/><counter type="LINE" missed="3" covered="16"/><counter type="COMPLEXITY" missed="2" covered="11"/><counter type="METHOD" missed="2" covered="11"/><counter type="CLASS" missed="0" covered="1"/></sourcefile><sourcefile name="ParkingSpot.java"><line nr="10" mi="0" ci="2" mb="0" cb="0"/><line nr="11" mi="0" ci="3" mb="0" cb="0"/><line nr="12" mi="0" ci="3" mb="0" cb="0"/><line nr="13" mi="0" ci="3" mb="0" cb="0"/><line nr="14" mi="0" ci="1" mb="0" cb="0"/><line nr="17" mi="0" ci="3" mb="0" cb="0"/><line nr="21" mi="3" ci="0" mb="0" cb="0"/><line nr="22" mi="1" ci="0" mb="0" cb="0"/><line nr="25" mi="0" ci="3" mb="0" cb="0"/><line nr="29" mi="3" ci="0" mb="0" cb="0"/><line nr="30" mi="1" ci="0" mb="0" cb="0"/><line nr="33" mi="3" ci="0" mb="0" cb="0"/><line nr="37" mi="0" ci="3" mb="0" cb="0"/><line nr="38" mi="0" ci="1" mb="0" cb="0"/><line nr="42" mi="5" ci="0" mb="2" cb="0"/><line nr="43" mi="9" ci="0" mb="4" cb="0"/><line nr="44" mi="3" ci="0" mb="0" cb="0"/><line nr="45" mi="9" ci="0" mb="2" cb="0"/><line nr="50" mi="0" ci="3" mb="0" cb="0"/><counter type="INSTRUCTION" missed="37" covered="25"/><counter type="BRANCH" missed="8" covered="0"/><counter type="LINE" missed="9" covered="10"/><counter type="COMPLEXITY" missed="8" covered="5"/><counter type="METHOD" missed="4" covered="5"/><counter type="CLASS" missed="0" covered="1"/></sourcefile><counter type="INSTRUCTION" missed="44" covered="63"/><counter type="BRANCH" missed="8" covered="0"/><counter type="LINE" missed="12" covered="26"/><counter type="COMPLEXITY" missed="10" covered="16"/><counter type="METHOD" missed="6" covered="16"/><counter type="CLASS" missed="0" covered="2"/></package><package name="com/parkit/parkingsystem/constants"><class name="com/parkit/parkingsystem/constants/Fare" sourcefilename="Fare.java"><method name="&lt;init&gt;" desc="()V" line="3"><counter type="INSTRUCTION" missed="3" covered="0"/><counter type="LINE" missed="1" covered="0"/><counter type="COMPLEXITY" missed="1" covered="0"/><counter type="METHOD" missed="1" covered="0"/></method><counter type="INSTRUCTION" missed="3" covered="0"/><counter type="LINE" missed="1" covered="0"/><counter type="COMPLEXITY" missed="1" covered="0"/><counter type="METHOD" missed="1" covered="0"/><counter type="CLASS" missed="1" covered="0"/></class><class name="com/parkit/parkingsystem/constants/ParkingType" sourcefilename="ParkingType.java"><method name="&lt;clinit&gt;" desc="()V" line="3"><counter type="INSTRUCTION" missed="0" covered="24"/><counter type="LINE" missed="0" covered="3"/><counter type="COMPLEXITY" missed="0" covered="1"/><counter type="METHOD" missed="0" covered="1"/></method><counter type="INSTRUCTION" missed="0" covered="24"/><counter type="LINE" missed="0" covered="3"/><counter type="COMPLEXITY" missed="0" covered="1"/><counter type="METHOD" missed="0" covered="1"/><counter type="CLASS" missed="0" covered="1"/></class><class name="com/parkit/parkingsystem/constants/DBConstants" sourcefilename="DBConstants.java"><method name="&lt;init&gt;" desc="()V" line="3"><counter type="INSTRUCTION" missed="3" covered="0"/><counter type="LINE" missed="1" covered="0"/><counter type="COMPLEXITY" missed="1" covered="0"/><counter type="METHOD" missed="1" covered="0"/></method><counter type="INSTRUCTION" missed="3" covered="0"/><counter type="LINE" missed="1" covered="0"/><counter type="COMPLEXITY" missed="1" covered="0"/><counter type="METHOD" missed="1" covered="0"/><counter type="CLASS" missed="1" covered="0"/></class><sourcefile name="DBConstants.java"><line nr="3" mi="3" ci="0" mb="0" cb="0"/><counter type="INSTRUCTION" missed="3" covered="0"/><counter type="LINE" missed="1" covered="0"/><counter type="COMPLEXITY" missed="1" covered="0"/><counter type="METHOD" missed="1" covered="0"/><counter type="CLASS" missed="1" covered="0"/></sourcefile><sourcefile name="ParkingType.java"><line nr="3" mi="0" ci="12" mb="0" cb="0"/><line nr="4" mi="0" ci="6" mb="0" cb="0"/><line nr="5" mi="0" ci="6" mb="0" cb="0"/><counter type="INSTRUCTION" missed="0" covered="24"/><counter type="LINE" missed="0" covered="3"/><counter type="COMPLEXITY" missed="0" covered="1"/><counter type="METHOD" missed="0" covered="1"/><counter type="CLASS" missed="0" covered="1"/></sourcefile><sourcefile name="Fare.java"><line nr="3" mi="3" ci="0" mb="0" cb="0"/><counter type="INSTRUCTION" missed="3" covered="0"/><counter type="LINE" missed="1" covered="0"/><counter type="COMPLEXITY" missed="1" covered="0"/><counter type="METHOD" missed="1" covered="0"/><counter type="CLASS" missed="1" covered="0"/></sourcefile><counter type="INSTRUCTION" missed="6" covered="24"/><counter type="LINE" missed="2" covered="3"/><counter type="COMPLEXITY" missed="2" covered="1"/><counter type="METHOD" missed="2" covered="1"/><counter type="CLASS" missed="2" covered="1"/></package><package name="com/parkit/parkingsystem/util"><class name="com/parkit/parkingsystem/util/InputReaderUtil" sourcefilename="InputReaderUtil.java"><method name="&lt;clinit&gt;" desc="()V" line="10"><counter type="INSTRUCTION" missed="0" covered="9"/><counter type="LINE" missed="0" covered="2"/><counter type="COMPLEXITY" missed="0" covered="1"/><counter type="METHOD" missed="0" covered="1"/></method><method name="&lt;init&gt;" desc="()V" line="8"><counter type="INSTRUCTION" missed="3" covered="0"/><counter type="LINE" missed="1" covered="0"/><counter type="COMPLEXITY" missed="1" covered="0"/><counter type="METHOD" missed="1" covered="0"/></method><method name="readSelection" desc="()I" line="15"><counter type="INSTRUCTION" missed="16" covered="0"/><counter type="LINE" missed="6" covered="0"/><counter type="COMPLEXITY" missed="1" covered="0"/><counter type="METHOD" missed="1" covered="0"/></method><method name="readVehicleRegistrationNumber" desc="()Ljava/lang/String;" line="26"><counter type="INSTRUCTION" missed="26" covered="0"/><counter type="BRANCH" missed="4" covered="0"/><counter type="LINE" missed="8" covered="0"/><counter type="COMPLEXITY" missed="3" covered="0"/><counter type="METHOD" missed="1" covered="0"/></method><counter type="INSTRUCTION" missed="45" covered="9"/><counter type="BRANCH" missed="4" covered="0"/><counter type="LINE" missed="15" covered="2"/><counter type="COMPLEXITY" missed="5" covered="1"/><counter type="METHOD" missed="3" covered="1"/><counter type="CLASS" missed="0" covered="1"/></class><sourcefile name="InputReaderUtil.java"><line nr="8" mi="3" ci="0" mb="0" cb="0"/><line nr="10" mi="0" ci="5" mb="0" cb="0"/><line nr="11" mi="0" ci="4" mb="0" cb="0"/><line nr="15" mi="4" ci="0" mb="0" cb="0"/><line nr="16" mi="2" ci="0" mb="0" cb="0"/><line nr="17" mi="1" ci="0" mb="0" cb="0"/><line nr="18" mi="4" ci="0" mb="0" cb="0"/><line nr="19" mi="3" ci="0" mb="0" cb="0"/><line nr="20" mi="2" ci="0" mb="0" cb="0"/><line nr="26" mi="3" ci="0" mb="0" cb="0"/><line nr="27" mi="6" ci="0" mb="4" cb="0"/><line nr="28" mi="5" ci="0" mb="0" cb="0"/><line nr="30" mi="2" ci="0" mb="0" cb="0"/><line nr="31" mi="1" ci="0" mb="0" cb="0"/><line nr="32" mi="4" ci="0" mb="0" cb="0"/><line nr="33" mi="3" ci="0" mb="0" cb="0"/><line nr="34" mi="2" ci="0" mb="0" cb="0"/><counter type="INSTRUCTION" missed="45" covered="9"/><counter type="BRANCH" missed="4" covered="0"/><counter type="LINE" missed="15" covered="2"/><counter type="COMPLEXITY" missed="5" covered="1"/><counter type="METHOD" missed="3" covered="1"/><counter type="CLASS" missed="0" covered="1"/></sourcefile><counter type="INSTRUCTION" missed="45" covered="9"/><counter type="BRANCH" missed="4" covered="0"/><counter type="LINE" missed="15" covered="2"/><counter type="COMPLEXITY" missed="5" covered="1"/><counter type="METHOD" missed="3" covered="1"/><counter type="CLASS" missed="0" covered="1"/></package><package name="com/parkit/parkingsystem/dao"><class name="com/parkit/parkingsystem/dao/TicketDAO" sourcefilename="TicketDAO.java"><method name="&lt;clinit&gt;" desc="()V" line="18"><counter type="INSTRUCTION" missed="0" covered="4"/><counter type="LINE" missed="0" covered="1"/><counter type="COMPLEXITY" missed="0" covered="1"/><counter type="METHOD" missed="0" covered="1"/></method><method name="&lt;init&gt;" desc="()V" line="16"><counter type="INSTRUCTION" missed="8" covered="0"/><counter type="LINE" missed="2" covered="0"/><counter type="COMPLEXITY" missed="1" covered="0"/><counter type="METHOD" missed="1" covered="0"/></method><method name="saveTicket" desc="(Lcom/parkit/parkingsystem/model/Ticket;)Z" line="23"><counter type="INSTRUCTION" missed="66" covered="0"/><counter type="BRANCH" missed="2" covered="0"/><counter type="LINE" missed="14" covered="0"/><counter type="COMPLEXITY" missed="2" covered="0"/><counter type="METHOD" missed="1" covered="0"/></method><method name="getTicket" desc="(Ljava/lang/String;)Lcom/parkit/parkingsystem/model/Ticket;" line="44"><counter type="INSTRUCTION" missed="86" covered="0"/><counter type="BRANCH" missed="2" covered="0"/><counter type="LINE" missed="22" covered="0"/><counter type="COMPLEXITY" missed="2" covered="0"/><counter type="METHOD" missed="1" covered="0"/></method><method name="updateTicket" desc="(Lcom/parkit/parkingsystem/model/Ticket;)Z" line="73"><counter type="INSTRUCTION" missed="45" covered="0"/><counter type="LINE" missed="12" covered="0"/><counter type="COMPLEXITY" missed="1" covered="0"/><counter type="METHOD" missed="1" covered="0"/></method><method name="getNbTicket" desc="(Ljava/lang/String;)I" line="95"><counter type="INSTRUCTION" missed="5" covered="0"/><counter type="LINE" missed="1" covered="0"/><counter type="COMPLEXITY" missed="1" covered="0"/><counter type="METHOD" missed="1" covered="0"/></method><counter type="INSTRUCTION" missed="210" covered="4"/><counter type="BRANCH" missed="4" covered="0"/><counter type="LINE" missed="51" covered="1"/><counter type="COMPLEXITY" missed="7" covered="1"/><counter type="METHOD" missed="5" covered="1"/><counter type="CLASS" missed="0" covered="1"/></class><class name="com/parkit/parkingsystem/dao/ParkingSpotDAO" sourcefilename="ParkingSpotDAO.java"><method name="&lt;clinit&gt;" desc="()V" line="15"><counter type="INSTRUCTION" missed="0" covered="4"/><counter type="LINE" missed="0" covered="1"/><counter type="COMPLEXITY" missed="0" covered="1"/><counter type="METHOD" missed="0" covered="1"/></method><method name="&lt;init&gt;" desc="()V" line="14"><counter type="INSTRUCTION" missed="8" covered="0"/><counter type="LINE" missed="2" covered="0"/><counter type="COMPLEXITY" missed="1" covered="0"/><counter type="METHOD" missed="1" covered="0"/></method><method name="getNextAvailableSlot" desc="(Lcom/parkit/parkingsystem/constants/ParkingType;)I" line="20"><counter type="INSTRUCTION" missed="47" covered="0"/><counter type="BRANCH" missed="2" covered="0"/><counter type="LINE" missed="14" covered="0"/><counter type="COMPLEXITY" missed="2" covered="0"/><counter type="METHOD" missed="1" covered="0"/></method><method name="updateParking" desc="(Lcom/parkit/parkingsystem/model/ParkingSpot;)Z" line="42"><counter type="INSTRUCTION" missed="47" covered="0"/><counter type="BRANCH" missed="2" covered="0"/><counter type="LINE" missed="12" covered="0"/><counter type="COMPLEXITY" missed="2" covered="0"/><counter type="METHOD" missed="1" covered="0"/></method><counter type="INSTRUCTION" missed="102" covered="4"/><counter type="BRANCH" missed="4" covered="0"/><counter type="LINE" missed="28" covered="1"/><counter type="COMPLEXITY" missed="5" covered="1"/><counter type="METHOD" missed="3" covered="1"/><counter type="CLASS" missed="0" covered="1"/></class><sourcefile name="ParkingSpotDAO.java"><line nr="14" mi="3" ci="0" mb="0" cb="0"/><line nr="15" mi="0" ci="4" mb="0" cb="0"/><line nr="17" mi="5" ci="0" mb="0" cb="0"/><line nr="20" mi="2" ci="0" mb="0" cb="0"/><line nr="21" mi="2" ci="0" mb="0" cb="0"/><line nr="23" mi="4" ci="0" mb="0" cb="0"/><line nr="24" mi="4" ci="0" mb="0" cb="0"/><line nr="25" mi="5" ci="0" mb="0" cb="0"/><line nr="26" mi="3" ci="0" mb="0" cb="0"/><line nr="27" mi="3" ci="0" mb="2" cb="0"/><line nr="28" mi="4" ci="0" mb="0" cb="0"/><line nr="30" mi="4" ci="0" mb="0" cb="0"/><line nr="31" mi="4" ci="0" mb="0" cb="0"/><line nr="32" mi="2" ci="0" mb="0" cb="0"/><line nr="33" mi="4" ci="0" mb="0" cb="0"/><line nr="35" mi="4" ci="0" mb="0" cb="0"/><line nr="37" mi="2" ci="0" mb="0" cb="0"/><line nr="42" mi="2" ci="0" mb="0" cb="0"/><line nr="44" mi="4" ci="0" mb="0" cb="0"/><line nr="45" mi="4" ci="0" mb="0" cb="0"/><line nr="46" mi="5" ci="0" mb="0" cb="0"/><line nr="47" mi="5" ci="0" mb="0" cb="0"/><line nr="48" mi="3" ci="0" mb="0" cb="0"/><line nr="49" mi="4" ci="0" mb="0" cb="0"/><line nr="50" mi="9" ci="0" mb="2" cb="0"/><line nr="51" mi="1" ci="0" mb="0" cb="0"/><line nr="52" mi="4" ci="0" mb="0" cb="0"/><line nr="53" mi="2" ci="0" mb="0" cb="0"/><line nr="55" mi="4" ci="0" mb="0" cb="0"/><counter type="INSTRUCTION" missed="102" covered="4"/><counter type="BRANCH" missed="4" covered="0"/><counter type="LINE" missed="28" covered="1"/><counter type="COMPLEXITY" missed="5" covered="1"/><counter type="METHOD" missed="3" covered="1"/><counter type="CLASS" missed="0" covered="1"/></sourcefile><sourcefile name="TicketDAO.java"><line nr="16" mi="3" ci="0" mb="0" cb="0"/><line nr="18" mi="0" ci="4" mb="0" cb="0"/><line nr="20" mi="5" ci="0" mb="0" cb="0"/><line nr="23" mi="2" ci="0" mb="0" cb="0"/><line nr="25" mi="4" ci="0" mb="0" cb="0"/><line nr="26" mi="4" ci="0" mb="0" cb="0"/><line nr="29" mi="6" ci="0" mb="0" cb="0"/><line nr="30" mi="5" ci="0" mb="0" cb="0"/><line nr="31" mi="5" ci="0" mb="0" cb="0"/><line nr="32" mi="9" ci="0" mb="0" cb="0"/><line nr="33" mi="14" ci="0" mb="2" cb="0"/><line nr="34" mi="4" ci="0" mb="0" cb="0"/><line nr="35" mi="1" ci="0" mb="0" cb="0"/><line nr="36" mi="5" ci="0" mb="0" cb="0"/><line nr="37" mi="1" ci="0" mb="0" cb="0"/><line nr="38" mi="4" ci="0" mb="0" cb="0"/><line nr="39" mi="2" ci="0" mb="0" cb="0"/><line nr="44" mi="2" ci="0" mb="0" cb="0"/><line nr="45" mi="2" ci="0" mb="0" cb="0"/><line nr="47" mi="4" ci="0" mb="0" cb="0"/><line nr="48" mi="4" ci="0" mb="0" cb="0"/><line nr="50" mi="4" ci="0" mb="0" cb="0"/><line nr="51" mi="3" ci="0" mb="0" cb="0"/><line nr="52" mi="3" ci="0" mb="2" cb="0"/><line nr="53" mi="4" ci="0" mb="0" cb="0"/><line nr="54" mi="12" ci="0" mb="0" cb="0"/><line nr="55" mi="3" ci="0" mb="0" cb="0"/><line nr="56" mi="5" ci="0" mb="0" cb="0"/><line nr="57" mi="3" ci="0" mb="0" cb="0"/><line nr="58" mi="5" ci="0" mb="0" cb="0"/><line nr="59" mi="5" ci="0" mb="0" cb="0"/><line nr="60" mi="5" ci="0" mb="0" cb="0"/><line nr="62" mi="4" ci="0" mb="0" cb="0"/><line nr="63" mi="4" ci="0" mb="0" cb="0"/><line nr="64" mi="2" ci="0" mb="0" cb="0"/><line nr="65" mi="5" ci="0" mb="0" cb="0"/><line nr="66" mi="1" ci="0" mb="0" cb="0"/><line nr="67" mi="4" ci="0" mb="0" cb="0"/><line nr="68" mi="2" ci="0" mb="0" cb="0"/><line nr="73" mi="2" ci="0" mb="0" cb="0"/><line nr="75" mi="4" ci="0" mb="0" cb="0"/><line nr="76" mi="4" ci="0" mb="0" cb="0"/><line nr="77" mi="5" ci="0" mb="0" cb="0"/><line nr="78" mi="9" ci="0" mb="0" cb="0"/><line nr="79" mi="5" ci="0" mb="0" cb="0"/><line nr="80" mi="3" ci="0" mb="0" cb="0"/><line nr="81" mi="2" ci="0" mb="0" cb="0"/><line nr="82" mi="1" ci="0" mb="0" cb="0"/><line nr="83" mi="4" ci="0" mb="0" cb="0"/><line nr="85" mi="4" ci="0" mb="0" cb="0"/><line nr="87" mi="2" ci="0" mb="0" cb="0"/><line nr="95" mi="5" ci="0" mb="0" cb="0"/><counter type="INSTRUCTION" missed="210" covered="4"/><counter type="BRANCH" missed="4" covered="0"/><counter type="LINE" missed="51" covered="1"/><counter type="COMPLEXITY" missed="7" covered="1"/><counter type="METHOD" missed="5" covered="1"/><counter type="CLASS" missed="0" covered="1"/></sourcefile><counter type="INSTRUCTION" missed="312" covered="8"/><counter type="BRANCH" missed="8" covered="0"/><counter type="LINE" missed="79" covered="2"/><counter type="COMPLEXITY" missed="12" covered="2"/><counter type="METHOD" missed="8" covered="2"/><counter type="CLASS" missed="0" covered="2"/></package><package name="com/parkit/parkingsystem/config"><class name="com/parkit/parkingsystem/config/DataBaseConfig" sourcefilename="DataBaseConfig.java"><method name="&lt;clinit&gt;" desc="()V" line="10"><counter type="INSTRUCTION" missed="4" covered="0"/><counter type="LINE" missed="1" covered="0"/><counter type="COMPLEXITY" missed="1" covered="0"/><counter type="METHOD" missed="1" covered="0"/></method><method name="&lt;init&gt;" desc="()V" line="8"><counter type="INSTRUCTION" missed="3" covered="0"/><counter type="LINE" missed="1" covered="0"/><counter type="COMPLEXITY" missed="1" covered="0"/><counter type="METHOD" missed="1" covered="0"/></method><method name="getConnection" desc="()Ljava/sql/Connection;" line="13"><counter type="INSTRUCTION" missed="11" covered="0"/><counter type="LINE" missed="4" covered="0"/><counter type="COMPLEXITY" missed="1" covered="0"/><counter type="METHOD" missed="1" covered="0"/></method><method name="closeConnection" desc="(Ljava/sql/Connection;)V" line="20"><counter type="INSTRUCTION" missed="14" covered="0"/><counter type="BRANCH" missed="2" covered="0"/><counter type="LINE" missed="6" covered="0"/><counter type="COMPLEXITY" missed="2" covered="0"/><counter type="METHOD" missed="1" covered="0"/></method><method name="closePreparedStatement" desc="(Ljava/sql/PreparedStatement;)V" line="31"><counter type="INSTRUCTION" missed="14" covered="0"/><counter type="BRANCH" missed="2" covered="0"/><counter type="LINE" missed="6" covered="0"/><counter type="COMPLEXITY" missed="2" covered="0"/><counter type="METHOD" missed="1" covered="0"/></method><method name="closeResultSet" desc="(Ljava/sql/ResultSet;)V" line="42"><counter type="INSTRUCTION" missed="14" covered="0"/><counter type="BRANCH" missed="2" covered="0"/><counter type="LINE" missed="6" covered="0"/><counter type="COMPLEXITY" missed="2" covered="0"/><counter type="METHOD" missed="1" covered="0"/></method><counter type="INSTRUCTION" missed="60" covered="0"/><counter type="BRANCH" missed="6" covered="0"/><counter type="LINE" missed="24" covered="0"/><counter type="COMPLEXITY" missed="9" covered="0"/><counter type="METHOD" missed="6" covered="0"/><counter type="CLASS" missed="1" covered="0"/></class><sourcefile name="DataBaseConfig.java"><line nr="8" mi="3" ci="0" mb="0" cb="0"/><line nr="10" mi="4" ci="0" mb="0" cb="0"/><line nr="13" mi="3" ci="0" mb="0" cb="0"/><line nr="14" mi="3" ci="0" mb="0" cb="0"/><line nr="15" mi="2" ci="0" mb="0" cb="0"/><line nr="16" mi="3" ci="0" mb="0" cb="0"/><line nr="20" mi="2" ci="0" mb="2" cb="0"/><line nr="22" mi="2" ci="0" mb="0" cb="0"/><line nr="23" mi="3" ci="0" mb="0" cb="0"/><line nr="24" mi="2" ci="0" mb="0" cb="0"/><line nr="25" mi="4" ci="0" mb="0" cb="0"/><line nr="28" mi="1" ci="0" mb="0" cb="0"/><line nr="31" mi="2" ci="0" mb="2" cb="0"/><line nr="33" mi="2" ci="0" mb="0" cb="0"/><line nr="34" mi="3" ci="0" mb="0" cb="0"/><line nr="35" mi="2" ci="0" mb="0" cb="0"/><line nr="36" mi="4" ci="0" mb="0" cb="0"/><line nr="39" mi="1" ci="0" mb="0" cb="0"/><line nr="42" mi="2" ci="0" mb="2" cb="0"/><line nr="44" mi="2" ci="0" mb="0" cb="0"/><line nr="45" mi="3" ci="0" mb="0" cb="0"/><line nr="46" mi="2" ci="0" mb="0" cb="0"/><line nr="47" mi="4" ci="0" mb="0" cb="0"/><line nr="50" mi="1" ci="0" mb="0" cb="0"/><counter type="INSTRUCTION" missed="60" covered="0"/><counter type="BRANCH" missed="6" covered="0"/><counter type="LINE" missed="24" covered="0"/><counter type="COMPLEXITY" missed="9" covered="0"/><counter type="METHOD" missed="6" covered="0"/><counter type="CLASS" missed="1" covered="0"/></sourcefile><counter type="INSTRUCTION" missed="60" covered="0"/><counter type="BRANCH" missed="6" covered="0"/><counter type="LINE" missed="24" covered="0"/><counter type="COMPLEXITY" missed="9" covered="0"/><counter type="METHOD" missed="6" covered="0"/><counter type="CLASS" missed="1" covered="0"/></package><counter type="INSTRUCTION" missed="573" covered="439"/><counter type="BRANCH" missed="37" covered="21"/><counter type="LINE" missed="170" covered="121"/><counter type="COMPLEXITY" missed="54" covered="40"/><counter type="METHOD" missed="32" covered="31"/><counter type="CLASS" missed="5" covered="8"/></report>